<?xml version="1.0" encoding="UTF-8"?>
<!-- Generated by org.testng.reporters.JUnitReportReporter -->
<testsuite hostname="DESKTOP-T57PU49" name="testcases.TC_002" tests="1" failures="0" timestamp="26 Oct 2017 23:14:34 GMT" time="7.863" errors="0">
  <testcase name="testcase1" time="7.863" classname="testcases.TC_002"/>
</testsuite> <!-- testcases.TC_002 -->
