<?xml version="1.0" encoding="UTF-8"?>
<!-- Generated by org.testng.reporters.JUnitReportReporter -->
<testsuite hostname="DESKTOP-T57PU49" name="testcases.TC_001" tests="1" failures="0" timestamp="26 Oct 2017 23:22:43 GMT" time="10.571" errors="0">
  <testcase name="testcase1" time="10.571" classname="testcases.TC_001"/>
</testsuite> <!-- testcases.TC_001 -->
