<?xml version="1.0" encoding="UTF-8"?>
<!-- Generated by org.testng.reporters.JUnitReportReporter -->
<testsuite hostname="DESKTOP-T57PU49" name="testcasa.TC_001" tests="1" failures="0" timestamp="26 Oct 2017 21:45:59 GMT" time="11.259" errors="0">
  <testcase name="testcase1" time="11.259" classname="testcasa.TC_001"/>
</testsuite> <!-- testcasa.TC_001 -->
